<?xml version="1.0" encoding="UTF-8"?>
<coverage generated="1761224357752" clover="3.2.0">
  <project timestamp="1761224357753" name="All files">
    <metrics statements="11" coveredstatements="10" conditionals="2" coveredconditionals="2" methods="8" coveredmethods="7" elements="21" coveredelements="19" complexity="0" loc="11" ncloc="11" packages="1" files="3" classes="3"/>
    <file name="Counter.jsx" path="C:\Users\kleiton.albuquerque\Projetos\VPN\react-tests-workshop\src\components\Counter.jsx">
      <metrics statements="3" coveredstatements="3" conditionals="0" coveredconditionals="0" methods="2" coveredmethods="2"/>
      <line num="4" count="2" type="stmt"/>
      <line num="6" count="2" type="stmt"/>
      <line num="9" count="1" type="stmt"/>
    </file>
    <file name="Greeting.jsx" path="C:\Users\kleiton.albuquerque\Projetos\VPN\react-tests-workshop\src\components\Greeting.jsx">
      <metrics statements="1" coveredstatements="1" conditionals="0" coveredconditionals="0" methods="1" coveredmethods="1"/>
      <line num="2" count="1" type="stmt"/>
    </file>
    <file name="Joke.jsx" path="C:\Users\kleiton.albuquerque\Projetos\VPN\react-tests-workshop\src\components\Joke.jsx">
      <metrics statements="7" coveredstatements="6" conditionals="2" coveredconditionals="2" methods="5" coveredmethods="4"/>
      <line num="4" count="2" type="stmt"/>
      <line num="5" count="2" type="stmt"/>
      <line num="6" count="1" type="stmt"/>
      <line num="7" count="1" type="stmt"/>
      <line num="8" count="1" type="stmt"/>
      <line num="9" count="0" type="stmt"/>
      <line num="11" count="2" type="cond" truecount="2" falsecount="0"/>
    </file>
  </project>
</coverage>
