{"C:\\Users\\kleiton.albuquerque\\Projetos\\VPN\\react-tests-workshop\\src\\components\\Counter.jsx": {"path":"C:\\Users\\kleiton.albuquerque\\Projetos\\VPN\\react-tests-workshop\\src\\components\\Counter.jsx","statementMap":{"0":{"start":{"line":4,"column":28},"end":{"line":4,"column":39}},"1":{"start":{"line":6,"column":2},"end":{"line":11,"column":4}},"2":{"start":{"line":9,"column":29},"end":{"line":9,"column":48}}},"fnMap":{"0":{"name":"Counter","decl":{"start":{"line":3,"column":16},"end":{"line":3,"column":23}},"loc":{"start":{"line":3,"column":26},"end":{"line":12,"column":1}},"line":3},"1":{"name":"(anonymous_1)","decl":{"start":{"line":9,"column":23},"end":{"line":9,"column":24}},"loc":{"start":{"line":9,"column":29},"end":{"line":9,"column":48}},"line":9}},"branchMap":{},"s":{"0":2,"1":2,"2":1},"f":{"0":2,"1":1},"b":{},"_coverageSchema":"1a1c01bbd47fc00a2c39e90264f33305004495a9","hash":"29f58ee739636507c0950678832188de51d0966a"}
,"C:\\Users\\kleiton.albuquerque\\Projetos\\VPN\\react-tests-workshop\\src\\components\\Greeting.jsx": {"path":"C:\\Users\\kleiton.albuquerque\\Projetos\\VPN\\react-tests-workshop\\src\\components\\Greeting.jsx","statementMap":{"0":{"start":{"line":2,"column":2},"end":{"line":2,"column":31}}},"fnMap":{"0":{"name":"Greeting","decl":{"start":{"line":1,"column":16},"end":{"line":1,"column":24}},"loc":{"start":{"line":1,"column":35},"end":{"line":3,"column":1}},"line":1}},"branchMap":{},"s":{"0":1},"f":{"0":1},"b":{},"_coverageSchema":"1a1c01bbd47fc00a2c39e90264f33305004495a9","hash":"23d697fc81f736b7b192ab63deeaac5e328de5b1"}
,"C:\\Users\\kleiton.albuquerque\\Projetos\\VPN\\react-tests-workshop\\src\\components\\Joke.jsx": {"path":"C:\\Users\\kleiton.albuquerque\\Projetos\\VPN\\react-tests-workshop\\src\\components\\Joke.jsx","statementMap":{"0":{"start":{"line":4,"column":26},"end":{"line":4,"column":38}},"1":{"start":{"line":5,"column":2},"end":{"line":10,"column":9}},"2":{"start":{"line":6,"column":4},"end":{"line":9,"column":54}},"3":{"start":{"line":7,"column":21},"end":{"line":7,"column":31}},"4":{"start":{"line":8,"column":22},"end":{"line":8,"column":41}},"5":{"start":{"line":9,"column":19},"end":{"line":9,"column":52}},"6":{"start":{"line":11,"column":2},"end":{"line":11,"column":54}}},"fnMap":{"0":{"name":"Joke","decl":{"start":{"line":3,"column":16},"end":{"line":3,"column":20}},"loc":{"start":{"line":3,"column":23},"end":{"line":12,"column":1}},"line":3},"1":{"name":"(anonymous_1)","decl":{"start":{"line":5,"column":12},"end":{"line":5,"column":13}},"loc":{"start":{"line":5,"column":18},"end":{"line":10,"column":3}},"line":5},"2":{"name":"(anonymous_2)","decl":{"start":{"line":7,"column":12},"end":{"line":7,"column":13}},"loc":{"start":{"line":7,"column":21},"end":{"line":7,"column":31}},"line":7},"3":{"name":"(anonymous_3)","decl":{"start":{"line":8,"column":12},"end":{"line":8,"column":13}},"loc":{"start":{"line":8,"column":22},"end":{"line":8,"column":41}},"line":8},"4":{"name":"(anonymous_4)","decl":{"start":{"line":9,"column":13},"end":{"line":9,"column":14}},"loc":{"start":{"line":9,"column":19},"end":{"line":9,"column":52}},"line":9}},"branchMap":{"0":{"loc":{"start":{"line":11,"column":13},"end":{"line":11,"column":48}},"type":"cond-expr","locations":[{"start":{"line":11,"column":20},"end":{"line":11,"column":24}},{"start":{"line":11,"column":27},"end":{"line":11,"column":48}}],"line":11}},"s":{"0":2,"1":2,"2":1,"3":1,"4":1,"5":0,"6":2},"f":{"0":2,"1":1,"2":1,"3":1,"4":0},"b":{"0":[1,1]},"_coverageSchema":"1a1c01bbd47fc00a2c39e90264f33305004495a9","hash":"05a77d0d94ad917d563f8399b8ec1372294a4e9b"}
}
