TN:
SF:src\components\Counter.jsx
FN:3,Counter
FN:9,(anonymous_1)
FNF:2
FNH:2
FNDA:2,Counter
FNDA:1,(anonymous_1)
DA:4,2
DA:6,2
DA:9,1
LF:3
LH:3
BRF:0
BRH:0
end_of_record
TN:
SF:src\components\Greeting.jsx
FN:1,Greeting
FNF:1
FNH:1
FNDA:1,Greeting
DA:2,1
LF:1
LH:1
BRF:0
BRH:0
end_of_record
TN:
SF:src\components\Joke.jsx
FN:3,Joke
FN:5,(anonymous_1)
FN:7,(anonymous_2)
FN:8,(anonymous_3)
FN:9,(anonymous_4)
FNF:5
FNH:4
FNDA:2,Joke
FNDA:1,(anonymous_1)
FNDA:1,(anonymous_2)
FNDA:1,(anonymous_3)
FNDA:0,(anonymous_4)
DA:4,2
DA:5,2
DA:6,1
DA:7,1
DA:8,1
DA:9,0
DA:11,2
LF:7
LH:6
BRDA:11,0,0,1
BRDA:11,0,1,1
BRF:2
BRH:2
end_of_record
